android/app/build/intermediates/manifest_merge_blame_file/release/processReleaseMainManifest/manifest-merger-blame-release-report.txt
1<?xml version="1.0" encoding="utf-8"?>
2<manifest xmlns:android="http://schemas.android.com/apk/res/android"
3    package="com.controlcom.app"
4    android:versionCode="1"
5    android:versionName="1.0.0" >
6
7    <uses-sdk
8        android:minSdkVersion="26"
9        android:targetSdkVersion="34" />
10
11    <uses-permission android:name="android.permission.INTERNET" />
11-->src\main\AndroidManifest.xml:4:5-67
11-->src\main\AndroidManifest.xml:4:22-64
12    <uses-permission android:name="android.permission.CAMERA" />
12-->src\main\AndroidManifest.xml:5:5-65
12-->src\main\AndroidManifest.xml:5:22-62
13
14    <uses-feature
14-->src\main\AndroidManifest.xml:7:5-85
15        android:name="android.hardware.camera"
15-->src\main\AndroidManifest.xml:7:19-57
16        android:required="false" />
16-->src\main\AndroidManifest.xml:7:58-82
17
18    <permission
18-->[androidx.core:core:1.13.0] AndroidManifest.xml:22:5-24:47
19        android:name="com.controlcom.app.DYNAMIC_RECEIVER_NOT_EXPORTED_PERMISSION"
19-->[androidx.core:core:1.13.0] AndroidManifest.xml:23:9-81
20        android:protectionLevel="signature" />
20-->[androidx.core:core:1.13.0] AndroidManifest.xml:24:9-44
21
22    <uses-permission android:name="com.controlcom.app.DYNAMIC_RECEIVER_NOT_EXPORTED_PERMISSION" />
22-->[androidx.core:core:1.13.0] AndroidManifest.xml:26:5-97
22-->[androidx.core:core:1.13.0] AndroidManifest.xml:26:22-94
23
24    <uses-feature
24-->[com.journeyapps:zxing-android-embedded:4.3.0] AndroidManifest.xml:28:5-30:36
25        android:name="android.hardware.camera.front"
25-->[com.journeyapps:zxing-android-embedded:4.3.0] AndroidManifest.xml:29:9-53
26        android:required="false" /> <!-- TODO replace above two with next line after Android 4.2 -->
26-->[com.journeyapps:zxing-android-embedded:4.3.0] AndroidManifest.xml:30:9-33
27    <!-- <uses-feature android:name="android.hardware.camera.any"/> -->
28    <uses-feature
28-->[com.journeyapps:zxing-android-embedded:4.3.0] AndroidManifest.xml:33:5-35:36
29        android:name="android.hardware.camera.autofocus"
29-->[com.journeyapps:zxing-android-embedded:4.3.0] AndroidManifest.xml:34:9-57
30        android:required="false" />
30-->[com.journeyapps:zxing-android-embedded:4.3.0] AndroidManifest.xml:35:9-33
31    <uses-feature
31-->[com.journeyapps:zxing-android-embedded:4.3.0] AndroidManifest.xml:36:5-38:36
32        android:name="android.hardware.camera.flash"
32-->[com.journeyapps:zxing-android-embedded:4.3.0] AndroidManifest.xml:37:9-53
33        android:required="false" />
33-->[com.journeyapps:zxing-android-embedded:4.3.0] AndroidManifest.xml:38:9-33
34    <uses-feature
34-->[com.journeyapps:zxing-android-embedded:4.3.0] AndroidManifest.xml:39:5-41:36
35        android:name="android.hardware.screen.landscape"
35-->[com.journeyapps:zxing-android-embedded:4.3.0] AndroidManifest.xml:40:9-57
36        android:required="false" />
36-->[com.journeyapps:zxing-android-embedded:4.3.0] AndroidManifest.xml:41:9-33
37    <uses-feature
37-->[com.journeyapps:zxing-android-embedded:4.3.0] AndroidManifest.xml:42:5-44:36
38        android:name="android.hardware.wifi"
38-->[com.journeyapps:zxing-android-embedded:4.3.0] AndroidManifest.xml:43:9-45
39        android:required="false" />
39-->[com.journeyapps:zxing-android-embedded:4.3.0] AndroidManifest.xml:44:9-33
40
41    <application
41-->src\main\AndroidManifest.xml:9:5-25:19
42        android:allowBackup="true"
42-->src\main\AndroidManifest.xml:10:9-35
43        android:appComponentFactory="androidx.core.app.CoreComponentFactory"
43-->[androidx.core:core:1.13.0] AndroidManifest.xml:28:18-86
44        android:extractNativeLibs="false"
45        android:icon="@mipmap/ic_launcher"
45-->src\main\AndroidManifest.xml:11:9-43
46        android:label="@string/app_name"
46-->src\main\AndroidManifest.xml:12:9-41
47        android:supportsRtl="true"
47-->src\main\AndroidManifest.xml:13:9-35
48        android:theme="@style/Theme.ControlCom"
48-->src\main\AndroidManifest.xml:14:9-48
49        android:usesCleartextTraffic="true" >
49-->src\main\AndroidManifest.xml:15:9-44
50        <activity
50-->src\main\AndroidManifest.xml:16:9-24:20
51            android:name="com.controlcom.app.MainActivity"
51-->src\main\AndroidManifest.xml:17:13-41
52            android:exported="true"
52-->src\main\AndroidManifest.xml:18:13-36
53            android:theme="@style/Theme.ControlCom" >
53-->src\main\AndroidManifest.xml:19:13-52
54            <intent-filter>
54-->src\main\AndroidManifest.xml:20:13-23:29
55                <action android:name="android.intent.action.MAIN" />
55-->src\main\AndroidManifest.xml:21:17-69
55-->src\main\AndroidManifest.xml:21:25-66
56
57                <category android:name="android.intent.category.LAUNCHER" />
57-->src\main\AndroidManifest.xml:22:17-77
57-->src\main\AndroidManifest.xml:22:27-74
58            </intent-filter>
59        </activity>
60
61        <provider
61-->[androidx.emoji2:emoji2:1.3.0] AndroidManifest.xml:24:9-32:20
62            android:name="androidx.startup.InitializationProvider"
62-->[androidx.emoji2:emoji2:1.3.0] AndroidManifest.xml:25:13-67
63            android:authorities="com.controlcom.app.androidx-startup"
63-->[androidx.emoji2:emoji2:1.3.0] AndroidManifest.xml:26:13-68
64            android:exported="false" >
64-->[androidx.emoji2:emoji2:1.3.0] AndroidManifest.xml:27:13-37
65            <meta-data
65-->[androidx.emoji2:emoji2:1.3.0] AndroidManifest.xml:29:13-31:52
66                android:name="androidx.emoji2.text.EmojiCompatInitializer"
66-->[androidx.emoji2:emoji2:1.3.0] AndroidManifest.xml:30:17-75
67                android:value="androidx.startup" />
67-->[androidx.emoji2:emoji2:1.3.0] AndroidManifest.xml:31:17-49
68            <meta-data
68-->[androidx.lifecycle:lifecycle-process:2.8.3] AndroidManifest.xml:29:13-31:52
69                android:name="androidx.lifecycle.ProcessLifecycleInitializer"
69-->[androidx.lifecycle:lifecycle-process:2.8.3] AndroidManifest.xml:30:17-78
70                android:value="androidx.startup" />
70-->[androidx.lifecycle:lifecycle-process:2.8.3] AndroidManifest.xml:31:17-49
71            <meta-data
71-->[androidx.profileinstaller:profileinstaller:1.3.1] AndroidManifest.xml:29:13-31:52
72                android:name="androidx.profileinstaller.ProfileInstallerInitializer"
72-->[androidx.profileinstaller:profileinstaller:1.3.1] AndroidManifest.xml:30:17-85
73                android:value="androidx.startup" />
73-->[androidx.profileinstaller:profileinstaller:1.3.1] AndroidManifest.xml:31:17-49
74        </provider>
75
76        <receiver
76-->[androidx.profileinstaller:profileinstaller:1.3.1] AndroidManifest.xml:34:9-52:20
77            android:name="androidx.profileinstaller.ProfileInstallReceiver"
77-->[androidx.profileinstaller:profileinstaller:1.3.1] AndroidManifest.xml:35:13-76
78            android:directBootAware="false"
78-->[androidx.profileinstaller:profileinstaller:1.3.1] AndroidManifest.xml:36:13-44
79            android:enabled="true"
79-->[androidx.profileinstaller:profileinstaller:1.3.1] AndroidManifest.xml:37:13-35
80            android:exported="true"
80-->[androidx.profileinstaller:profileinstaller:1.3.1] AndroidManifest.xml:38:13-36
81            android:permission="android.permission.DUMP" >
81-->[androidx.profileinstaller:profileinstaller:1.3.1] AndroidManifest.xml:39:13-57
82            <intent-filter>
82-->[androidx.profileinstaller:profileinstaller:1.3.1] AndroidManifest.xml:40:13-42:29
83                <action android:name="androidx.profileinstaller.action.INSTALL_PROFILE" />
83-->[androidx.profileinstaller:profileinstaller:1.3.1] AndroidManifest.xml:41:17-91
83-->[androidx.profileinstaller:profileinstaller:1.3.1] AndroidManifest.xml:41:25-88
84            </intent-filter>
85            <intent-filter>
85-->[androidx.profileinstaller:profileinstaller:1.3.1] AndroidManifest.xml:43:13-45:29
86                <action android:name="androidx.profileinstaller.action.SKIP_FILE" />
86-->[androidx.profileinstaller:profileinstaller:1.3.1] AndroidManifest.xml:44:17-85
86-->[androidx.profileinstaller:profileinstaller:1.3.1] AndroidManifest.xml:44:25-82
87            </intent-filter>
88            <intent-filter>
88-->[androidx.profileinstaller:profileinstaller:1.3.1] AndroidManifest.xml:46:13-48:29
89                <action android:name="androidx.profileinstaller.action.SAVE_PROFILE" />
89-->[androidx.profileinstaller:profileinstaller:1.3.1] AndroidManifest.xml:47:17-88
89-->[androidx.profileinstaller:profileinstaller:1.3.1] AndroidManifest.xml:47:25-85
90            </intent-filter>
91            <intent-filter>
91-->[androidx.profileinstaller:profileinstaller:1.3.1] AndroidManifest.xml:49:13-51:29
92                <action android:name="androidx.profileinstaller.action.BENCHMARK_OPERATION" />
92-->[androidx.profileinstaller:profileinstaller:1.3.1] AndroidManifest.xml:50:17-95
92-->[androidx.profileinstaller:profileinstaller:1.3.1] AndroidManifest.xml:50:25-92
93            </intent-filter>
94        </receiver>
95
96        <activity
96-->[com.journeyapps:zxing-android-embedded:4.3.0] AndroidManifest.xml:47:9-53:63
97            android:name="com.journeyapps.barcodescanner.CaptureActivity"
97-->[com.journeyapps:zxing-android-embedded:4.3.0] AndroidManifest.xml:48:13-74
98            android:clearTaskOnLaunch="true"
98-->[com.journeyapps:zxing-android-embedded:4.3.0] AndroidManifest.xml:49:13-45
99            android:screenOrientation="sensorLandscape"
99-->[com.journeyapps:zxing-android-embedded:4.3.0] AndroidManifest.xml:50:13-56
100            android:stateNotNeeded="true"
100-->[com.journeyapps:zxing-android-embedded:4.3.0] AndroidManifest.xml:51:13-42
101            android:theme="@style/zxing_CaptureTheme"
101-->[com.journeyapps:zxing-android-embedded:4.3.0] AndroidManifest.xml:52:13-54
102            android:windowSoftInputMode="stateAlwaysHidden" />
102-->[com.journeyapps:zxing-android-embedded:4.3.0] AndroidManifest.xml:53:13-60
103    </application>
104
105</manifest>